Base path: 'C:/Program Files/Unity/Hub/Editor/2019.2.17f1/Editor/Data', plugins path 'C:/Program Files/Unity/Hub/Editor/2019.2.17f1/Editor/Data/PlaybackEngines'
Cmd: initializeCompiler
Cmd: disassembleShader
  api=9 insize=10670 outsize=10670 ok=1
Cmd: disassembleShader
  api=9 insize=8904 outsize=8904 ok=1
Cmd: compileSnippet
  api=9 type=0 insize=1596 outsize=8669 kw=UNITY_PASS_FORWARDBASE DIRECTIONAL LIGHTMAP_ON DIRLIGHTMAP_COMBINED _EMISSION pd=UNITY_NO_DXT5nm UNITY_NO_RGBM UNITY_ENABLE_REFLECTION_BUFFERS UNITY_FRAMEBUFFER_FETCH_AVAILABLE UNITY_NO_CUBEMAP_ARRAY UNITY_NO_SCREENSPACE_SHADOWS UNITY_PBS_USE_BRDF3 UNITY_NO_FULL_STANDARD_SHADER SHADER_API_MOBILE UNITY_HARDWARE_TIER1 UNITY_COLORSPACE_GAMMA UNITY_LIGHTMAP_DLDR_ENCODING ok=1
Cmd: disassembleShader
  api=9 insize=8669 outsize=8669 ok=1
Cmd: compileSnippet
  api=9 type=0 insize=1596 outsize=9061 kw=UNITY_PASS_FORWARDBASE DIRECTIONAL LIGHTMAP_ON DIRLIGHTMAP_COMBINED LIGHTMAP_SHADOW_MIXING _EMISSION pd=UNITY_NO_DXT5nm UNITY_NO_RGBM UNITY_ENABLE_REFLECTION_BUFFERS UNITY_FRAMEBUFFER_FETCH_AVAILABLE UNITY_NO_CUBEMAP_ARRAY UNITY_NO_SCREENSPACE_SHADOWS UNITY_PBS_USE_BRDF2 SHADER_API_MOBILE UNITY_HARDWARE_TIER3 UNITY_COLORSPACE_GAMMA UNITY_LIGHTMAP_DLDR_ENCODING ok=1
Cmd: disassembleShader
  api=9 insize=9061 outsize=9061 ok=1
Cmd: disassembleShader
  api=9 insize=11844 outsize=11844 ok=1
Cmd: disassembleShader
  api=9 insize=8343 outsize=8343 ok=1
Cmd: disassembleShader
  api=9 insize=10471 outsize=10471 ok=1
Cmd: disassembleShader
  api=9 insize=10461 outsize=10461 ok=1
Cmd: compileSnippet
  api=9 type=0 insize=1596 outsize=10115 kw=UNITY_PASS_FORWARDBASE DIRECTIONAL SHADOWS_SCREEN LIGHTPROBE_SH _EMISSION pd=UNITY_NO_DXT5nm UNITY_NO_RGBM UNITY_ENABLE_REFLECTION_BUFFERS UNITY_FRAMEBUFFER_FETCH_AVAILABLE UNITY_NO_CUBEMAP_ARRAY UNITY_NO_SCREENSPACE_SHADOWS UNITY_PBS_USE_BRDF3 UNITY_NO_FULL_STANDARD_SHADER SHADER_API_MOBILE UNITY_HARDWARE_TIER1 UNITY_COLORSPACE_GAMMA UNITY_LIGHTMAP_DLDR_ENCODING ok=1
Cmd: disassembleShader
  api=9 insize=10115 outsize=10115 ok=1
Cmd: disassembleShader
  api=9 insize=13391 outsize=13391 ok=1
Cmd: disassembleShader
  api=9 insize=9907 outsize=9907 ok=1
Cmd: compileSnippet
  api=9 type=0 insize=1596 outsize=12520 kw=UNITY_PASS_FORWARDBASE DIRECTIONAL SHADOWS_SCREEN LIGHTMAP_ON DIRLIGHTMAP_COMBINED _EMISSION pd=UNITY_NO_DXT5nm UNITY_NO_RGBM UNITY_ENABLE_REFLECTION_BUFFERS UNITY_FRAMEBUFFER_FETCH_AVAILABLE UNITY_NO_CUBEMAP_ARRAY UNITY_NO_SCREENSPACE_SHADOWS UNITY_PBS_USE_BRDF2 SHADER_API_MOBILE UNITY_HARDWARE_TIER2 UNITY_COLORSPACE_GAMMA UNITY_LIGHTMAP_DLDR_ENCODING ok=1
Cmd: disassembleShader
  api=9 insize=12520 outsize=12520 ok=1
Cmd: disassembleShader
  api=9 insize=10449 outsize=10449 ok=1
Cmd: disassembleShader
  api=9 insize=12044 outsize=12044 ok=1
Cmd: disassembleShader
  api=9 insize=11548 outsize=11548 ok=1
Cmd: disassembleShader
  api=9 insize=9110 outsize=9110 ok=1
Cmd: disassembleShader
  api=9 insize=11474 outsize=11474 ok=1
Cmd: disassembleShader
  api=9 insize=11868 outsize=11868 ok=1
Cmd: disassembleShader
  api=9 insize=13306 outsize=13306 ok=1
Cmd: disassembleShader
  api=9 insize=13306 outsize=13306 ok=1
Cmd: disassembleShader
  api=9 insize=10567 outsize=10567 ok=1
Cmd: disassembleShader
  api=9 insize=8579 outsize=8579 ok=1
Cmd: disassembleShader
  api=9 insize=8910 outsize=8910 ok=1
Cmd: disassembleShader
  api=9 insize=10641 outsize=10641 ok=1
Cmd: disassembleShader
  api=9 insize=10442 outsize=10442 ok=1
Cmd: disassembleShader
  api=9 insize=9811 outsize=9811 ok=1
Cmd: disassembleShader
  api=9 insize=9061 outsize=9061 ok=1
Cmd: disassembleShader
  api=9 insize=8837 outsize=8837 ok=1
Cmd: disassembleShader
  api=9 insize=8955 outsize=8955 ok=1
Cmd: disassembleShader
  api=9 insize=10685 outsize=10685 ok=1
Cmd: disassembleShader
  api=9 insize=10461 outsize=10461 ok=1
Cmd: disassembleShader
  api=9 insize=9910 outsize=9910 ok=1
Cmd: disassembleShader
  api=9 insize=12282 outsize=12282 ok=1
Cmd: disassembleShader
  api=9 insize=12083 outsize=12083 ok=1
Cmd: disassembleShader
  api=9 insize=9388 outsize=9388 ok=1
Cmd: disassembleShader
  api=9 insize=13825 outsize=13825 ok=1
Cmd: disassembleShader
  api=9 insize=13626 outsize=13626 ok=1
Cmd: disassembleShader
  api=9 insize=9152 outsize=9152 ok=1
Cmd: disassembleShader
  api=9 insize=12953 outsize=12953 ok=1
Cmd: disassembleShader
  api=9 insize=12754 outsize=12754 ok=1
Cmd: disassembleShader
  api=9 insize=7378 outsize=7378 ok=1
Cmd: disassembleShader
  api=9 insize=8579 outsize=8579 ok=1
Cmd: disassembleShader
  api=9 insize=12992 outsize=12992 ok=1
Cmd: disassembleShader
  api=9 insize=10215 outsize=10215 ok=1
Cmd: disassembleShader
  api=9 insize=11740 outsize=11740 ok=1
Cmd: disassembleShader
  api=9 insize=11677 outsize=11677 ok=1
Cmd: compileSnippet
  api=4 type=0 insize=1596 outsize=2254 kw=UNITY_PASS_FORWARDBASE DIRECTIONAL SHADOWS_SCREEN LIGHTMAP_ON DIRLIGHTMAP_COMBINED LIGHTMAP_SHADOW_MIXING pd=UNITY_NO_DXT5nm UNITY_ENABLE_REFLECTION_BUFFERS UNITY_NO_CUBEMAP_ARRAY UNITY_NO_SCREENSPACE_SHADOWS UNITY_PBS_USE_BRDF2 SHADER_API_DESKTOP UNITY_HARDWARE_TIER3 UNITY_COLORSPACE_GAMMA UNITY_LIGHTMAP_DLDR_ENCODING ok=1
