Base path: 'C:/Program Files/Unity/Hub/Editor/2019.2.17f1/Editor/Data', plugins path 'C:/Program Files/Unity/Hub/Editor/2019.2.17f1/Editor/Data/PlaybackEngines'
Cmd: initializeCompiler
Cmd: compileSnippet
  api=9 type=0 insize=1596 outsize=10314 kw=UNITY_PASS_FORWARDBASE DIRECTIONAL LIGHTPROBE_SH _EMISSION pd=UNITY_NO_DXT5nm UNITY_NO_RGBM UNITY_ENABLE_REFLECTION_BUFFERS UNITY_FRAMEBUFFER_FETCH_AVAILABLE UNITY_NO_CUBEMAP_ARRAY UNITY_NO_SCREENSPACE_SHADOWS UNITY_PBS_USE_BRDF2 SHADER_API_MOBILE UNITY_HARDWARE_TIER3 UNITY_COLORSPACE_GAMMA UNITY_LIGHTMAP_DLDR_ENCODING ok=1
Cmd: disassembleShader
  api=9 insize=10314 outsize=10314 ok=1
Cmd: disassembleShader
  api=9 insize=11692 outsize=11692 ok=1
Cmd: compileSnippet
  api=9 type=0 insize=1596 outsize=9061 kw=UNITY_PASS_FORWARDBASE DIRECTIONAL LIGHTMAP_ON DIRLIGHTMAP_COMBINED LIGHTMAP_SHADOW_MIXING _EMISSION pd=UNITY_NO_DXT5nm UNITY_NO_RGBM UNITY_ENABLE_REFLECTION_BUFFERS UNITY_FRAMEBUFFER_FETCH_AVAILABLE UNITY_NO_CUBEMAP_ARRAY UNITY_NO_SCREENSPACE_SHADOWS UNITY_PBS_USE_BRDF2 SHADER_API_MOBILE UNITY_HARDWARE_TIER2 UNITY_COLORSPACE_GAMMA UNITY_LIGHTMAP_DLDR_ENCODING ok=1
Cmd: disassembleShader
  api=9 insize=9061 outsize=9061 ok=1
Cmd: compileSnippet
  api=9 type=0 insize=1596 outsize=10685 kw=UNITY_PASS_FORWARDBASE DIRECTIONAL SHADOWS_SCREEN _EMISSION pd=UNITY_NO_DXT5nm UNITY_NO_RGBM UNITY_ENABLE_REFLECTION_BUFFERS UNITY_FRAMEBUFFER_FETCH_AVAILABLE UNITY_NO_CUBEMAP_ARRAY UNITY_NO_SCREENSPACE_SHADOWS UNITY_PBS_USE_BRDF2 SHADER_API_MOBILE UNITY_HARDWARE_TIER3 UNITY_COLORSPACE_GAMMA UNITY_LIGHTMAP_DLDR_ENCODING ok=1
Cmd: disassembleShader
  api=9 insize=10685 outsize=10685 ok=1
Cmd: compileSnippet
  api=9 type=0 insize=1596 outsize=12282 kw=UNITY_PASS_FORWARDBASE DIRECTIONAL SHADOWS_SCREEN LIGHTMAP_SHADOW_MIXING LIGHTPROBE_SH _EMISSION pd=UNITY_NO_DXT5nm UNITY_NO_RGBM UNITY_ENABLE_REFLECTION_BUFFERS UNITY_FRAMEBUFFER_FETCH_AVAILABLE UNITY_NO_CUBEMAP_ARRAY UNITY_NO_SCREENSPACE_SHADOWS UNITY_PBS_USE_BRDF2 SHADER_API_MOBILE UNITY_HARDWARE_TIER3 UNITY_COLORSPACE_GAMMA UNITY_LIGHTMAP_DLDR_ENCODING ok=1
Cmd: disassembleShader
  api=9 insize=12282 outsize=12282 ok=1
Cmd: disassembleShader
  api=9 insize=14177 outsize=14177 ok=1
Cmd: disassembleShader
  api=9 insize=10783 outsize=10783 ok=1
Cmd: disassembleShader
  api=9 insize=13657 outsize=13657 ok=1
Cmd: disassembleShader
  api=9 insize=13626 outsize=13626 ok=1
Cmd: compileSnippet
  api=9 type=0 insize=1596 outsize=9346 kw=UNITY_PASS_FORWARDBASE DIRECTIONAL SHADOWS_SCREEN LIGHTMAP_ON DIRLIGHTMAP_COMBINED LIGHTMAP_SHADOW_MIXING _EMISSION pd=UNITY_NO_DXT5nm UNITY_NO_RGBM UNITY_ENABLE_REFLECTION_BUFFERS UNITY_FRAMEBUFFER_FETCH_AVAILABLE UNITY_NO_CUBEMAP_ARRAY UNITY_NO_SCREENSPACE_SHADOWS UNITY_PBS_USE_BRDF3 UNITY_NO_FULL_STANDARD_SHADER SHADER_API_MOBILE UNITY_HARDWARE_TIER1 UNITY_COLORSPACE_GAMMA UNITY_LIGHTMAP_DLDR_ENCODING ok=1
Cmd: disassembleShader
  api=9 insize=9346 outsize=9346 ok=1
Cmd: disassembleShader
  api=9 insize=10314 outsize=10314 ok=1
Cmd: disassembleShader
  api=9 insize=8904 outsize=8904 ok=1
Cmd: disassembleShader
  api=9 insize=11028 outsize=11028 ok=1
Cmd: disassembleShader
  api=9 insize=11891 outsize=11891 ok=1
Cmd: disassembleShader
  api=9 insize=9802 outsize=9802 ok=1
Cmd: disassembleShader
  api=9 insize=9396 outsize=9396 ok=1
Cmd: disassembleShader
  api=9 insize=10399 outsize=10399 ok=1
Cmd: disassembleShader
  api=9 insize=8917 outsize=8917 ok=1
Cmd: disassembleShader
  api=9 insize=11844 outsize=11844 ok=1
Cmd: disassembleShader
  api=9 insize=12197 outsize=12197 ok=1
Cmd: disassembleShader
  api=9 insize=9864 outsize=9864 ok=1
Cmd: disassembleShader
  api=9 insize=13391 outsize=13391 ok=1
Cmd: disassembleShader
  api=9 insize=12520 outsize=12520 ok=1
Cmd: disassembleShader
  api=9 insize=9407 outsize=9407 ok=1
Cmd: disassembleShader
  api=9 insize=14177 outsize=14177 ok=1
Cmd: disassembleShader
  api=9 insize=11673 outsize=11673 ok=1
Cmd: disassembleShader
  api=9 insize=9110 outsize=9110 ok=1
Cmd: disassembleShader
  api=9 insize=13306 outsize=13306 ok=1
Cmd: compileSnippet
  api=9 type=0 insize=1596 outsize=8803 kw=UNITY_PASS_FORWARDBASE DIRECTIONAL _EMISSION VERTEXLIGHT_ON pd=UNITY_NO_DXT5nm UNITY_NO_RGBM UNITY_ENABLE_REFLECTION_BUFFERS UNITY_FRAMEBUFFER_FETCH_AVAILABLE UNITY_NO_CUBEMAP_ARRAY UNITY_NO_SCREENSPACE_SHADOWS UNITY_PBS_USE_BRDF2 SHADER_API_MOBILE UNITY_HARDWARE_TIER2 UNITY_COLORSPACE_GAMMA UNITY_LIGHTMAP_DLDR_ENCODING ok=1
Cmd: disassembleShader
  api=9 insize=8803 outsize=8803 ok=1
