Base path: 'C:/Program Files/Unity/Hub/Editor/2019.2.17f1/Editor/Data', plugins path 'C:/Program Files/Unity/Hub/Editor/2019.2.17f1/Editor/Data/PlaybackEngines'
Cmd: initializeCompiler
Cmd: compileSnippet
  api=9 type=0 insize=1596 outsize=9140 kw=UNITY_PASS_FORWARDBASE DIRECTIONAL LIGHTPROBE_SH _EMISSION pd=UNITY_NO_DXT5nm UNITY_NO_RGBM UNITY_ENABLE_REFLECTION_BUFFERS UNITY_FRAMEBUFFER_FETCH_AVAILABLE UNITY_NO_CUBEMAP_ARRAY UNITY_NO_SCREENSPACE_SHADOWS UNITY_PBS_USE_BRDF3 UNITY_NO_FULL_STANDARD_SHADER SHADER_API_MOBILE UNITY_HARDWARE_TIER1 UNITY_COLORSPACE_GAMMA UNITY_LIGHTMAP_DLDR_ENCODING ok=1
Cmd: disassembleShader
  api=9 insize=9140 outsize=9140 ok=1
Cmd: disassembleShader
  api=9 insize=10115 outsize=10115 ok=1
Cmd: disassembleShader
  api=9 insize=8483 outsize=8483 ok=1
Cmd: disassembleShader
  api=9 insize=10442 outsize=10442 ok=1
Cmd: compileSnippet
  api=9 type=0 insize=1596 outsize=11891 kw=UNITY_PASS_FORWARDBASE DIRECTIONAL LIGHTMAP_ON DIRLIGHTMAP_COMBINED LIGHTPROBE_SH _EMISSION pd=UNITY_NO_DXT5nm UNITY_NO_RGBM UNITY_ENABLE_REFLECTION_BUFFERS UNITY_FRAMEBUFFER_FETCH_AVAILABLE UNITY_NO_CUBEMAP_ARRAY UNITY_NO_SCREENSPACE_SHADOWS UNITY_PBS_USE_BRDF2 SHADER_API_MOBILE UNITY_HARDWARE_TIER3 UNITY_COLORSPACE_GAMMA UNITY_LIGHTMAP_DLDR_ENCODING ok=1
Cmd: disassembleShader
  api=9 insize=11891 outsize=11891 ok=1
Cmd: compileSnippet
  api=9 type=0 insize=1596 outsize=10399 kw=UNITY_PASS_FORWARDBASE DIRECTIONAL LIGHTMAP_ON DIRLIGHTMAP_COMBINED LIGHTMAP_SHADOW_MIXING LIGHTPROBE_SH _EMISSION pd=UNITY_NO_DXT5nm UNITY_NO_RGBM UNITY_ENABLE_REFLECTION_BUFFERS UNITY_FRAMEBUFFER_FETCH_AVAILABLE UNITY_NO_CUBEMAP_ARRAY UNITY_NO_SCREENSPACE_SHADOWS UNITY_PBS_USE_BRDF2 SHADER_API_MOBILE UNITY_HARDWARE_TIER2 UNITY_COLORSPACE_GAMMA UNITY_LIGHTMAP_DLDR_ENCODING ok=1
Cmd: disassembleShader
  api=9 insize=10399 outsize=10399 ok=1
Cmd: disassembleShader
  api=9 insize=11698 outsize=11698 ok=1
Cmd: disassembleShader
  api=9 insize=13306 outsize=13306 ok=1
Cmd: disassembleShader
  api=9 insize=12034 outsize=12034 ok=1
Cmd: disassembleShader
  api=9 insize=11998 outsize=11998 ok=1
Cmd: disassembleShader
  api=9 insize=11739 outsize=11739 ok=1
Cmd: disassembleShader
  api=9 insize=9959 outsize=9959 ok=1
Cmd: disassembleShader
  api=9 insize=12083 outsize=12083 ok=1
Cmd: compileSnippet
  api=9 type=0 insize=1596 outsize=12520 kw=UNITY_PASS_FORWARDBASE DIRECTIONAL SHADOWS_SCREEN LIGHTMAP_ON DIRLIGHTMAP_COMBINED _EMISSION pd=UNITY_NO_DXT5nm UNITY_NO_RGBM UNITY_ENABLE_REFLECTION_BUFFERS UNITY_FRAMEBUFFER_FETCH_AVAILABLE UNITY_NO_CUBEMAP_ARRAY UNITY_NO_SCREENSPACE_SHADOWS UNITY_PBS_USE_BRDF2 SHADER_API_MOBILE UNITY_HARDWARE_TIER3 UNITY_COLORSPACE_GAMMA UNITY_LIGHTMAP_DLDR_ENCODING ok=1
Cmd: disassembleShader
  api=9 insize=12520 outsize=12520 ok=1
Cmd: disassembleShader
  api=9 insize=12044 outsize=12044 ok=1
Cmd: disassembleShader
  api=9 insize=9152 outsize=9152 ok=1
Cmd: disassembleShader
  api=9 insize=11548 outsize=11548 ok=1
Cmd: disassembleShader
  api=9 insize=11474 outsize=11474 ok=1
Cmd: compileSnippet
  api=9 type=0 insize=1596 outsize=10765 kw=UNITY_PASS_FORWARDBASE DIRECTIONAL SHADOWS_SCREEN LIGHTMAP_ON DIRLIGHTMAP_COMBINED LIGHTMAP_SHADOW_MIXING LIGHTPROBE_SH _EMISSION pd=UNITY_NO_DXT5nm UNITY_NO_RGBM UNITY_ENABLE_REFLECTION_BUFFERS UNITY_FRAMEBUFFER_FETCH_AVAILABLE UNITY_NO_CUBEMAP_ARRAY UNITY_NO_SCREENSPACE_SHADOWS UNITY_PBS_USE_BRDF3 UNITY_NO_FULL_STANDARD_SHADER SHADER_API_MOBILE UNITY_HARDWARE_TIER1 UNITY_COLORSPACE_GAMMA UNITY_LIGHTMAP_DLDR_ENCODING ok=1
Cmd: disassembleShader
  api=9 insize=10765 outsize=10765 ok=1
Cmd: disassembleShader
  api=9 insize=9140 outsize=9140 ok=1
Cmd: disassembleShader
  api=9 insize=10178 outsize=10178 ok=1
Cmd: disassembleShader
  api=9 insize=10310 outsize=10310 ok=1
Cmd: disassembleShader
  api=9 insize=10442 outsize=10442 ok=1
Cmd: disassembleShader
  api=9 insize=11734 outsize=11734 ok=1
Cmd: disassembleShader
  api=9 insize=8870 outsize=8870 ok=1
Cmd: disassembleShader
  api=9 insize=8837 outsize=8837 ok=1
Cmd: disassembleShader
  api=9 insize=10234 outsize=10234 ok=1
Cmd: disassembleShader
  api=9 insize=10221 outsize=10221 ok=1
Cmd: disassembleShader
  api=9 insize=10461 outsize=10461 ok=1
Cmd: disassembleShader
  api=9 insize=12034 outsize=12034 ok=1
Cmd: disassembleShader
  api=9 insize=11739 outsize=11739 ok=1
Cmd: disassembleShader
  api=9 insize=12083 outsize=12083 ok=1
Cmd: disassembleShader
  api=9 insize=12357 outsize=12357 ok=1
Cmd: disassembleShader
  api=9 insize=12648 outsize=12648 ok=1
Cmd: disassembleShader
  api=9 insize=13626 outsize=13626 ok=1
Cmd: disassembleShader
  api=9 insize=11548 outsize=11548 ok=1
Cmd: disassembleShader
  api=9 insize=11868 outsize=11868 ok=1
Cmd: disassembleShader
  api=9 insize=12754 outsize=12754 ok=1
Cmd: disassembleShader
  api=9 insize=8640 outsize=8640 ok=1
Cmd: compileSnippet
  api=9 type=0 insize=1596 outsize=10445 kw=UNITY_PASS_FORWARDBASE DIRECTIONAL LIGHTPROBE_SH _EMISSION VERTEXLIGHT_ON pd=UNITY_NO_DXT5nm UNITY_NO_RGBM UNITY_ENABLE_REFLECTION_BUFFERS UNITY_FRAMEBUFFER_FETCH_AVAILABLE UNITY_NO_CUBEMAP_ARRAY UNITY_NO_SCREENSPACE_SHADOWS UNITY_PBS_USE_BRDF3 UNITY_NO_FULL_STANDARD_SHADER SHADER_API_MOBILE UNITY_HARDWARE_TIER1 UNITY_COLORSPACE_GAMMA UNITY_LIGHTMAP_DLDR_ENCODING ok=1
Cmd: disassembleShader
  api=9 insize=10445 outsize=10445 ok=1
Cmd: compileSnippet
  api=4 type=1 insize=1596 outsize=3230 kw=UNITY_PASS_FORWARDBASE DIRECTIONAL SHADOWS_SCREEN LIGHTMAP_ON DIRLIGHTMAP_COMBINED LIGHTMAP_SHADOW_MIXING pd=UNITY_NO_DXT5nm UNITY_ENABLE_REFLECTION_BUFFERS UNITY_NO_CUBEMAP_ARRAY UNITY_NO_SCREENSPACE_SHADOWS UNITY_PBS_USE_BRDF2 SHADER_API_DESKTOP UNITY_HARDWARE_TIER3 UNITY_COLORSPACE_GAMMA UNITY_LIGHTMAP_DLDR_ENCODING ok=1
