Base path: 'C:/Program Files/Unity/Hub/Editor/2019.2.17f1/Editor/Data', plugins path 'C:/Program Files/Unity/Hub/Editor/2019.2.17f1/Editor/Data/PlaybackEngines'
Cmd: initializeCompiler
Cmd: compileSnippet
  api=4 type=1 insize=1596 outsize=3854 kw=UNITY_PASS_FORWARDBASE DIRECTIONAL SHADOWS_SCREEN LIGHTMAP_SHADOW_MIXING LIGHTPROBE_SH _EMISSION pd=UNITY_NO_DXT5nm UNITY_ENABLE_REFLECTION_BUFFERS UNITY_NO_CUBEMAP_ARRAY UNITY_NO_SCREENSPACE_SHADOWS UNITY_PBS_USE_BRDF2 SHADER_API_DESKTOP UNITY_HARDWARE_TIER3 UNITY_COLORSPACE_GAMMA UNITY_LIGHTMAP_DLDR_ENCODING ok=1
Cmd: disassembleShader
  api=9 insize=11406 outsize=11406 ok=1
Cmd: disassembleShader
  api=9 insize=10178 outsize=10178 ok=1
Cmd: disassembleShader
  api=9 insize=10310 outsize=10310 ok=1
Cmd: disassembleShader
  api=9 insize=10465 outsize=10465 ok=1
Cmd: disassembleShader
  api=9 insize=10442 outsize=10442 ok=1
Cmd: disassembleShader
  api=9 insize=11668 outsize=11668 ok=1
Cmd: disassembleShader
  api=9 insize=12243 outsize=12243 ok=1
Cmd: disassembleShader
  api=9 insize=12243 outsize=12243 ok=1
Cmd: disassembleShader
  api=9 insize=9811 outsize=9811 ok=1
Cmd: disassembleShader
  api=9 insize=11734 outsize=11734 ok=1
Cmd: disassembleShader
  api=9 insize=11734 outsize=11734 ok=1
Cmd: disassembleShader
  api=9 insize=9802 outsize=9802 ok=1
Cmd: disassembleShader
  api=9 insize=11692 outsize=11692 ok=1
Cmd: compileSnippet
  api=9 type=0 insize=1596 outsize=7748 kw=UNITY_PASS_FORWARDBASE DIRECTIONAL LIGHTMAP_ON DIRLIGHTMAP_COMBINED LIGHTMAP_SHADOW_MIXING _EMISSION pd=UNITY_NO_DXT5nm UNITY_NO_RGBM UNITY_ENABLE_REFLECTION_BUFFERS UNITY_FRAMEBUFFER_FETCH_AVAILABLE UNITY_NO_CUBEMAP_ARRAY UNITY_NO_SCREENSPACE_SHADOWS UNITY_PBS_USE_BRDF3 UNITY_NO_FULL_STANDARD_SHADER SHADER_API_MOBILE UNITY_HARDWARE_TIER1 UNITY_COLORSPACE_GAMMA UNITY_LIGHTMAP_DLDR_ENCODING ok=1
Cmd: disassembleShader
  api=9 insize=7748 outsize=7748 ok=1
Cmd: disassembleShader
  api=9 insize=10200 outsize=10200 ok=1
Cmd: disassembleShader
  api=9 insize=10221 outsize=10221 ok=1
Cmd: disassembleShader
  api=9 insize=11844 outsize=11844 ok=1
Cmd: disassembleShader
  api=9 insize=10471 outsize=10471 ok=1
Cmd: disassembleShader
  api=9 insize=8353 outsize=8353 ok=1
Cmd: disassembleShader
  api=9 insize=10461 outsize=10461 ok=1
Cmd: compileSnippet
  api=9 type=0 insize=1596 outsize=12197 kw=UNITY_PASS_FORWARDBASE DIRECTIONAL SHADOWS_SCREEN LIGHTPROBE_SH _EMISSION pd=UNITY_NO_DXT5nm UNITY_NO_RGBM UNITY_ENABLE_REFLECTION_BUFFERS UNITY_FRAMEBUFFER_FETCH_AVAILABLE UNITY_NO_CUBEMAP_ARRAY UNITY_NO_SCREENSPACE_SHADOWS UNITY_PBS_USE_BRDF2 SHADER_API_MOBILE UNITY_HARDWARE_TIER2 UNITY_COLORSPACE_GAMMA UNITY_LIGHTMAP_DLDR_ENCODING ok=1
Cmd: disassembleShader
  api=9 insize=12197 outsize=12197 ok=1
Cmd: disassembleShader
  api=9 insize=12119 outsize=12119 ok=1
Cmd: compileSnippet
  api=9 type=0 insize=1596 outsize=9643 kw=UNITY_PASS_FORWARDBASE DIRECTIONAL SHADOWS_SCREEN LIGHTMAP_ON DIRLIGHTMAP_COMBINED _EMISSION pd=UNITY_NO_DXT5nm UNITY_NO_RGBM UNITY_ENABLE_REFLECTION_BUFFERS UNITY_FRAMEBUFFER_FETCH_AVAILABLE UNITY_NO_CUBEMAP_ARRAY UNITY_NO_SCREENSPACE_SHADOWS UNITY_PBS_USE_BRDF3 UNITY_NO_FULL_STANDARD_SHADER SHADER_API_MOBILE UNITY_HARDWARE_TIER1 UNITY_COLORSPACE_GAMMA UNITY_LIGHTMAP_DLDR_ENCODING ok=1
Cmd: disassembleShader
  api=9 insize=9643 outsize=9643 ok=1
Cmd: compileSnippet
  api=9 type=0 insize=1596 outsize=11673 kw=UNITY_PASS_FORWARDBASE DIRECTIONAL SHADOWS_SCREEN LIGHTMAP_ON DIRLIGHTMAP_COMBINED LIGHTMAP_SHADOW_MIXING _EMISSION pd=UNITY_NO_DXT5nm UNITY_NO_RGBM UNITY_ENABLE_REFLECTION_BUFFERS UNITY_FRAMEBUFFER_FETCH_AVAILABLE UNITY_NO_CUBEMAP_ARRAY UNITY_NO_SCREENSPACE_SHADOWS UNITY_PBS_USE_BRDF2 SHADER_API_MOBILE UNITY_HARDWARE_TIER2 UNITY_COLORSPACE_GAMMA UNITY_LIGHTMAP_DLDR_ENCODING ok=1
Cmd: disassembleShader
  api=9 insize=11673 outsize=11673 ok=1
Cmd: disassembleShader
  api=9 insize=10670 outsize=10670 ok=1
Cmd: disassembleShader
  api=9 insize=10115 outsize=10115 ok=1
Cmd: disassembleShader
  api=9 insize=10465 outsize=10465 ok=1
Cmd: disassembleShader
  api=9 insize=11668 outsize=11668 ok=1
Cmd: disassembleShader
  api=9 insize=11692 outsize=11692 ok=1
Cmd: disassembleShader
  api=9 insize=8900 outsize=8900 ok=1
Cmd: disassembleShader
  api=9 insize=10275 outsize=10275 ok=1
Cmd: disassembleShader
  api=9 insize=10200 outsize=10200 ok=1
Cmd: disassembleShader
  api=9 insize=10471 outsize=10471 ok=1
Cmd: disassembleShader
  api=9 insize=11698 outsize=11698 ok=1
Cmd: disassembleShader
  api=9 insize=11998 outsize=11998 ok=1
Cmd: disassembleShader
  api=9 insize=12119 outsize=12119 ok=1
Cmd: disassembleShader
  api=9 insize=11290 outsize=11290 ok=1
Cmd: disassembleShader
  api=9 insize=12321 outsize=12321 ok=1
Cmd: disassembleShader
  api=9 insize=13657 outsize=13657 ok=1
Cmd: disassembleShader
  api=9 insize=10449 outsize=10449 ok=1
Cmd: disassembleShader
  api=9 insize=11474 outsize=11474 ok=1
Cmd: disassembleShader
  api=9 insize=12788 outsize=12788 ok=1
Cmd: disassembleShader
  api=9 insize=9237 outsize=9237 ok=1
Cmd: disassembleShader
  api=9 insize=8640 outsize=8640 ok=1
Cmd: compileSnippet
  api=9 type=0 insize=1596 outsize=11876 kw=UNITY_PASS_FORWARDBASE DIRECTIONAL LIGHTPROBE_SH _EMISSION VERTEXLIGHT_ON pd=UNITY_NO_DXT5nm UNITY_NO_RGBM UNITY_ENABLE_REFLECTION_BUFFERS UNITY_FRAMEBUFFER_FETCH_AVAILABLE UNITY_NO_CUBEMAP_ARRAY UNITY_NO_SCREENSPACE_SHADOWS UNITY_PBS_USE_BRDF2 SHADER_API_MOBILE UNITY_HARDWARE_TIER2 UNITY_COLORSPACE_GAMMA UNITY_LIGHTMAP_DLDR_ENCODING ok=1
Cmd: disassembleShader
  api=9 insize=11876 outsize=11876 ok=1
