Base path: 'C:/Program Files/Unity/Hub/Editor/2019.2.17f1/Editor/Data', plugins path 'C:/Program Files/Unity/Hub/Editor/2019.2.17f1/Editor/Data/PlaybackEngines'
Cmd: initializeCompiler
Cmd: compileSnippet
  api=4 type=1 insize=21541 outsize=1802 kw=UNITY_PASS_FORWARDBASE DIRECTIONAL LIGHTMAP_ON DIRLIGHTMAP_COMBINED LIGHTMAP_SHADOW_MIXING pd=UNITY_NO_DXT5nm UNITY_ENABLE_REFLECTION_BUFFERS UNITY_NO_CUBEMAP_ARRAY UNITY_NO_SCREENSPACE_SHADOWS UNITY_PBS_USE_BRDF2 SHADER_API_DESKTOP UNITY_HARDWARE_TIER3 UNITY_COLORSPACE_GAMMA UNITY_LIGHTMAP_DLDR_ENCODING ok=1
Cmd: disassembleShader
  api=9 insize=8579 outsize=8579 ok=1
Cmd: disassembleShader
  api=9 insize=10178 outsize=10178 ok=1
Cmd: compileSnippet
  api=9 type=0 insize=1596 outsize=10641 kw=UNITY_PASS_FORWARDBASE DIRECTIONAL LIGHTMAP_ON DIRLIGHTMAP_COMBINED _EMISSION pd=UNITY_NO_DXT5nm UNITY_NO_RGBM UNITY_ENABLE_REFLECTION_BUFFERS UNITY_FRAMEBUFFER_FETCH_AVAILABLE UNITY_NO_CUBEMAP_ARRAY UNITY_NO_SCREENSPACE_SHADOWS UNITY_PBS_USE_BRDF2 SHADER_API_MOBILE UNITY_HARDWARE_TIER3 UNITY_COLORSPACE_GAMMA UNITY_LIGHTMAP_DLDR_ENCODING ok=1
Cmd: disassembleShader
  api=9 insize=10641 outsize=10641 ok=1
Cmd: disassembleShader
  api=9 insize=8870 outsize=8870 ok=1
Cmd: disassembleShader
  api=9 insize=9396 outsize=9396 ok=1
Cmd: disassembleShader
  api=9 insize=7554 outsize=7554 ok=1
Cmd: disassembleShader
  api=9 insize=8900 outsize=8900 ok=1
Cmd: disassembleShader
  api=9 insize=8837 outsize=8837 ok=1
Cmd: disassembleShader
  api=9 insize=10275 outsize=10275 ok=1
Cmd: disassembleShader
  api=9 insize=10780 outsize=10780 ok=1
Cmd: disassembleShader
  api=9 insize=10234 outsize=10234 ok=1
Cmd: disassembleShader
  api=9 insize=8917 outsize=8917 ok=1
Cmd: compileSnippet
  api=9 type=0 insize=1596 outsize=8604 kw=UNITY_PASS_FORWARDBASE DIRECTIONAL SHADOWS_SCREEN _EMISSION pd=UNITY_NO_DXT5nm UNITY_NO_RGBM UNITY_ENABLE_REFLECTION_BUFFERS UNITY_FRAMEBUFFER_FETCH_AVAILABLE UNITY_NO_CUBEMAP_ARRAY UNITY_NO_SCREENSPACE_SHADOWS UNITY_PBS_USE_BRDF3 UNITY_NO_FULL_STANDARD_SHADER SHADER_API_MOBILE UNITY_HARDWARE_TIER1 UNITY_COLORSPACE_GAMMA UNITY_LIGHTMAP_DLDR_ENCODING ok=1
Cmd: disassembleShader
  api=9 insize=8604 outsize=8604 ok=1
Cmd: compileSnippet
  api=9 type=0 insize=1596 outsize=10158 kw=UNITY_PASS_FORWARDBASE DIRECTIONAL SHADOWS_SCREEN LIGHTMAP_SHADOW_MIXING LIGHTPROBE_SH _EMISSION pd=UNITY_NO_DXT5nm UNITY_NO_RGBM UNITY_ENABLE_REFLECTION_BUFFERS UNITY_FRAMEBUFFER_FETCH_AVAILABLE UNITY_NO_CUBEMAP_ARRAY UNITY_NO_SCREENSPACE_SHADOWS UNITY_PBS_USE_BRDF3 UNITY_NO_FULL_STANDARD_SHADER SHADER_API_MOBILE UNITY_HARDWARE_TIER1 UNITY_COLORSPACE_GAMMA UNITY_LIGHTMAP_DLDR_ENCODING ok=1
Cmd: disassembleShader
  api=9 insize=10158 outsize=10158 ok=1
Cmd: disassembleShader
  api=9 insize=12648 outsize=12648 ok=1
Cmd: disassembleShader
  api=9 insize=14177 outsize=14177 ok=1
Cmd: disassembleShader
  api=9 insize=13657 outsize=13657 ok=1
Cmd: disassembleShader
  api=9 insize=10765 outsize=10765 ok=1
Cmd: disassembleShader
  api=9 insize=13626 outsize=13626 ok=1
Cmd: compileSnippet
  api=9 type=0 insize=1596 outsize=11673 kw=UNITY_PASS_FORWARDBASE DIRECTIONAL SHADOWS_SCREEN LIGHTMAP_ON DIRLIGHTMAP_COMBINED LIGHTMAP_SHADOW_MIXING _EMISSION pd=UNITY_NO_DXT5nm UNITY_NO_RGBM UNITY_ENABLE_REFLECTION_BUFFERS UNITY_FRAMEBUFFER_FETCH_AVAILABLE UNITY_NO_CUBEMAP_ARRAY UNITY_NO_SCREENSPACE_SHADOWS UNITY_PBS_USE_BRDF2 SHADER_API_MOBILE UNITY_HARDWARE_TIER3 UNITY_COLORSPACE_GAMMA UNITY_LIGHTMAP_DLDR_ENCODING ok=1
Cmd: disassembleShader
  api=9 insize=11673 outsize=11673 ok=1
Cmd: disassembleShader
  api=9 insize=10314 outsize=10314 ok=1
Cmd: disassembleShader
  api=9 insize=10115 outsize=10115 ok=1
Cmd: disassembleShader
  api=9 insize=8483 outsize=8483 ok=1
Cmd: disassembleShader
  api=9 insize=11891 outsize=11891 ok=1
Cmd: disassembleShader
  api=9 insize=11692 outsize=11692 ok=1
Cmd: disassembleShader
  api=9 insize=7554 outsize=7554 ok=1
Cmd: disassembleShader
  api=9 insize=10399 outsize=10399 ok=1
Cmd: disassembleShader
  api=9 insize=10200 outsize=10200 ok=1
Cmd: disassembleShader
  api=9 insize=8343 outsize=8343 ok=1
Cmd: disassembleShader
  api=9 insize=12197 outsize=12197 ok=1
Cmd: disassembleShader
  api=9 insize=11998 outsize=11998 ok=1
Cmd: disassembleShader
  api=9 insize=9959 outsize=9959 ok=1
Cmd: disassembleShader
  api=9 insize=12520 outsize=12520 ok=1
Cmd: disassembleShader
  api=9 insize=12321 outsize=12321 ok=1
Cmd: disassembleShader
  api=9 insize=10783 outsize=10783 ok=1
Cmd: disassembleShader
  api=9 insize=11673 outsize=11673 ok=1
Cmd: disassembleShader
  api=9 insize=11474 outsize=11474 ok=1
Cmd: disassembleShader
  api=9 insize=10567 outsize=10567 ok=1
Cmd: compileSnippet
  api=9 type=0 insize=1596 outsize=8803 kw=UNITY_PASS_FORWARDBASE DIRECTIONAL _EMISSION VERTEXLIGHT_ON pd=UNITY_NO_DXT5nm UNITY_NO_RGBM UNITY_ENABLE_REFLECTION_BUFFERS UNITY_FRAMEBUFFER_FETCH_AVAILABLE UNITY_NO_CUBEMAP_ARRAY UNITY_NO_SCREENSPACE_SHADOWS UNITY_PBS_USE_BRDF2 SHADER_API_MOBILE UNITY_HARDWARE_TIER3 UNITY_COLORSPACE_GAMMA UNITY_LIGHTMAP_DLDR_ENCODING ok=1
Cmd: disassembleShader
  api=9 insize=8803 outsize=8803 ok=1
