Base path: 'C:/Program Files/Unity/Hub/Editor/2019.2.17f1/Editor/Data', plugins path 'C:/Program Files/Unity/Hub/Editor/2019.2.17f1/Editor/Data/PlaybackEngines'
Cmd: initializeCompiler
Cmd: compileSnippet
  api=4 type=0 insize=21541 outsize=1962 kw=UNITY_PASS_FORWARDBASE DIRECTIONAL LIGHTMAP_ON DIRLIGHTMAP_COMBINED LIGHTMAP_SHADOW_MIXING pd=UNITY_NO_DXT5nm UNITY_ENABLE_REFLECTION_BUFFERS UNITY_NO_CUBEMAP_ARRAY UNITY_NO_SCREENSPACE_SHADOWS UNITY_PBS_USE_BRDF2 SHADER_API_DESKTOP UNITY_HARDWARE_TIER3 UNITY_COLORSPACE_GAMMA UNITY_LIGHTMAP_DLDR_ENCODING ok=1
Cmd: compileSnippet
  api=9 type=0 insize=1596 outsize=10314 kw=UNITY_PASS_FORWARDBASE DIRECTIONAL LIGHTPROBE_SH _EMISSION pd=UNITY_NO_DXT5nm UNITY_NO_RGBM UNITY_ENABLE_REFLECTION_BUFFERS UNITY_FRAMEBUFFER_FETCH_AVAILABLE UNITY_NO_CUBEMAP_ARRAY UNITY_NO_SCREENSPACE_SHADOWS UNITY_PBS_USE_BRDF2 SHADER_API_MOBILE UNITY_HARDWARE_TIER2 UNITY_COLORSPACE_GAMMA UNITY_LIGHTMAP_DLDR_ENCODING ok=1
Cmd: disassembleShader
  api=9 insize=10314 outsize=10314 ok=1
Cmd: disassembleShader
  api=9 insize=10115 outsize=10115 ok=1
Cmd: disassembleShader
  api=9 insize=11028 outsize=11028 ok=1
Cmd: disassembleShader
  api=9 insize=10465 outsize=10465 ok=1
Cmd: compileSnippet
  api=9 type=0 insize=1596 outsize=10038 kw=UNITY_PASS_FORWARDBASE DIRECTIONAL LIGHTMAP_ON DIRLIGHTMAP_COMBINED LIGHTPROBE_SH _EMISSION pd=UNITY_NO_DXT5nm UNITY_NO_RGBM UNITY_ENABLE_REFLECTION_BUFFERS UNITY_FRAMEBUFFER_FETCH_AVAILABLE UNITY_NO_CUBEMAP_ARRAY UNITY_NO_SCREENSPACE_SHADOWS UNITY_PBS_USE_BRDF3 UNITY_NO_FULL_STANDARD_SHADER SHADER_API_MOBILE UNITY_HARDWARE_TIER1 UNITY_COLORSPACE_GAMMA UNITY_LIGHTMAP_DLDR_ENCODING ok=1
Cmd: disassembleShader
  api=9 insize=10038 outsize=10038 ok=1
Cmd: disassembleShader
  api=9 insize=8837 outsize=8837 ok=1
Cmd: disassembleShader
  api=9 insize=10780 outsize=10780 ok=1
Cmd: disassembleShader
  api=9 insize=8955 outsize=8955 ok=1
Cmd: disassembleShader
  api=9 insize=10234 outsize=10234 ok=1
Cmd: disassembleShader
  api=9 insize=10200 outsize=10200 ok=1
Cmd: compileSnippet
  api=9 type=0 insize=1596 outsize=10685 kw=UNITY_PASS_FORWARDBASE DIRECTIONAL SHADOWS_SCREEN _EMISSION pd=UNITY_NO_DXT5nm UNITY_NO_RGBM UNITY_ENABLE_REFLECTION_BUFFERS UNITY_FRAMEBUFFER_FETCH_AVAILABLE UNITY_NO_CUBEMAP_ARRAY UNITY_NO_SCREENSPACE_SHADOWS UNITY_PBS_USE_BRDF2 SHADER_API_MOBILE UNITY_HARDWARE_TIER2 UNITY_COLORSPACE_GAMMA UNITY_LIGHTMAP_DLDR_ENCODING ok=1
Cmd: disassembleShader
  api=9 insize=10685 outsize=10685 ok=1
Cmd: disassembleShader
  api=9 insize=12034 outsize=12034 ok=1
Cmd: disassembleShader
  api=9 insize=11998 outsize=11998 ok=1
Cmd: disassembleShader
  api=9 insize=13391 outsize=13391 ok=1
Cmd: disassembleShader
  api=9 insize=12119 outsize=12119 ok=1
Cmd: disassembleShader
  api=9 insize=12083 outsize=12083 ok=1
Cmd: disassembleShader
  api=9 insize=11290 outsize=11290 ok=1
Cmd: disassembleShader
  api=9 insize=12934 outsize=12934 ok=1
Cmd: disassembleShader
  api=9 insize=12357 outsize=12357 ok=1
Cmd: disassembleShader
  api=9 insize=9407 outsize=9407 ok=1
Cmd: disassembleShader
  api=9 insize=12321 outsize=12321 ok=1
Cmd: compileSnippet
  api=9 type=0 insize=1596 outsize=13825 kw=UNITY_PASS_FORWARDBASE DIRECTIONAL SHADOWS_SCREEN LIGHTMAP_ON DIRLIGHTMAP_COMBINED LIGHTPROBE_SH _EMISSION pd=UNITY_NO_DXT5nm UNITY_NO_RGBM UNITY_ENABLE_REFLECTION_BUFFERS UNITY_FRAMEBUFFER_FETCH_AVAILABLE UNITY_NO_CUBEMAP_ARRAY UNITY_NO_SCREENSPACE_SHADOWS UNITY_PBS_USE_BRDF2 SHADER_API_MOBILE UNITY_HARDWARE_TIER2 UNITY_COLORSPACE_GAMMA UNITY_LIGHTMAP_DLDR_ENCODING ok=1
Cmd: disassembleShader
  api=9 insize=13825 outsize=13825 ok=1
Cmd: compileSnippet
  api=9 type=0 insize=1596 outsize=12953 kw=UNITY_PASS_FORWARDBASE DIRECTIONAL SHADOWS_SCREEN LIGHTMAP_ON DIRLIGHTMAP_COMBINED LIGHTMAP_SHADOW_MIXING LIGHTPROBE_SH _EMISSION pd=UNITY_NO_DXT5nm UNITY_NO_RGBM UNITY_ENABLE_REFLECTION_BUFFERS UNITY_FRAMEBUFFER_FETCH_AVAILABLE UNITY_NO_CUBEMAP_ARRAY UNITY_NO_SCREENSPACE_SHADOWS UNITY_PBS_USE_BRDF2 SHADER_API_MOBILE UNITY_HARDWARE_TIER3 UNITY_COLORSPACE_GAMMA UNITY_LIGHTMAP_DLDR_ENCODING ok=1
Cmd: disassembleShader
  api=9 insize=12953 outsize=12953 ok=1
Cmd: disassembleShader
  api=9 insize=11406 outsize=11406 ok=1
Cmd: disassembleShader
  api=9 insize=8669 outsize=8669 ok=1
Cmd: disassembleShader
  api=9 insize=10465 outsize=10465 ok=1
Cmd: disassembleShader
  api=9 insize=12243 outsize=12243 ok=1
Cmd: disassembleShader
  api=9 insize=7748 outsize=7748 ok=1
Cmd: disassembleShader
  api=9 insize=8900 outsize=8900 ok=1
Cmd: disassembleShader
  api=9 insize=10780 outsize=10780 ok=1
Cmd: disassembleShader
  api=9 insize=8604 outsize=8604 ok=1
Cmd: disassembleShader
  api=9 insize=10471 outsize=10471 ok=1
Cmd: disassembleShader
  api=9 insize=13306 outsize=13306 ok=1
Cmd: disassembleShader
  api=9 insize=10158 outsize=10158 ok=1
Cmd: disassembleShader
  api=9 insize=12119 outsize=12119 ok=1
Cmd: disassembleShader
  api=9 insize=12934 outsize=12934 ok=1
Cmd: disassembleShader
  api=9 insize=11001 outsize=11001 ok=1
Cmd: disassembleShader
  api=9 insize=13657 outsize=13657 ok=1
Cmd: disassembleShader
  api=9 insize=12044 outsize=12044 ok=1
Cmd: disassembleShader
  api=9 insize=10765 outsize=10765 ok=1
Cmd: disassembleShader
  api=9 insize=12788 outsize=12788 ok=1
Cmd: disassembleShader
  api=9 insize=9970 outsize=9970 ok=1
Cmd: disassembleShader
  api=9 insize=7383 outsize=7383 ok=1
Cmd: compileSnippet
  api=9 type=0 insize=1596 outsize=11876 kw=UNITY_PASS_FORWARDBASE DIRECTIONAL LIGHTPROBE_SH _EMISSION VERTEXLIGHT_ON pd=UNITY_NO_DXT5nm UNITY_NO_RGBM UNITY_ENABLE_REFLECTION_BUFFERS UNITY_FRAMEBUFFER_FETCH_AVAILABLE UNITY_NO_CUBEMAP_ARRAY UNITY_NO_SCREENSPACE_SHADOWS UNITY_PBS_USE_BRDF2 SHADER_API_MOBILE UNITY_HARDWARE_TIER3 UNITY_COLORSPACE_GAMMA UNITY_LIGHTMAP_DLDR_ENCODING ok=1
Cmd: disassembleShader
  api=9 insize=11876 outsize=11876 ok=1
